\BOOKMARK [0][-]{chapter.1}{Wstep do problemu wyceny dzia\233ek budowlanych}{}% 1
\BOOKMARK [1][-]{section.1.1}{Wprowadzenie}{chapter.1}% 2
\BOOKMARK [1][-]{section.1.2}{Definicja dzia\233ki budowlanej}{chapter.1}% 3
\BOOKMARK [1][-]{section.1.3}{Definicja wyceny nieruchomosci}{chapter.1}% 4
\BOOKMARK [1][-]{section.1.4}{Istniejace rozwiazania}{chapter.1}% 5
\BOOKMARK [0][-]{chapter.2}{Zr\363d\233a danych wejsciowych do modeli oraz ich charakterystyka}{}% 6
\BOOKMARK [1][-]{section.2.1}{Charakterystyka portalu otodom.pl}{chapter.2}% 7
\BOOKMARK [1][-]{section.2.2}{Charakterystyka portalu domiporta.pl}{chapter.2}% 8
\BOOKMARK [1][-]{section.2.3}{Charakterystyka portalu morizon.pl}{chapter.2}% 9
\BOOKMARK [1][-]{section.2.4}{Podsumowanie}{chapter.2}% 10
\BOOKMARK [0][-]{chapter.3}{Analiza statystyczna potencjalnych danych wejsciowych do modeli wraz z ich wyborem}{}% 11
\BOOKMARK [0][-]{chapter.4}{Projekt i implementacja narzedzia do wyceny dzia\233ek budowlanych}{}% 12
\BOOKMARK [0][-]{chapter.5}{Wykonanie wycen dzia\233ek budowlanych oraz analiza otrzymanych wynik\363w}{}% 13
\BOOKMARK [0][-]{chapter.6}{Podsumowanie i wnioski}{}% 14
\BOOKMARK [0][-]{chapter.7}{Pozosta\233osc ze starej pracy}{}% 15
\BOOKMARK [1][-]{section.7.1}{Historia}{chapter.7}% 16
\BOOKMARK [1][-]{section.7.2}{Schemat komunikacji steganograficznej}{chapter.7}% 17
\BOOKMARK [1][-]{section.7.3}{Metody tworzenia steganografii oraz rodzaje ukrytych kana\233\363w}{chapter.7}% 18
\BOOKMARK [0][-]{appendix.A}{Por\363wnanie numer\363w ISN jadra Linux i modu\233u Shushi}{}% 19
\BOOKMARK [0][-]{appendix*.4}{Bibliografia}{}% 20
